<?xml version="1.0" encoding="UTF-8"?>
<testng-results skipped="0" failed="0" ignored="0" total="1" passed="1">
  <reporter-output>
  </reporter-output>
  <suite name="Default suite" duration-ms="96" started-at="2020-08-06T11:11:55Z" finished-at="2020-08-06T11:11:55Z">
    <groups>
    </groups>
    <test name="Default test" duration-ms="96" started-at="2020-08-06T11:11:55Z" finished-at="2020-08-06T11:11:55Z">
      <class name="com.Project1.Firstone">
        <test-method status="PASS" signature="abc()[pri:0, instance:com.Project1.Firstone@1ed4004b]" name="abc" duration-ms="26" started-at="2020-08-06T16:41:55Z" finished-at="2020-08-06T16:41:55Z">
          <reporter-output>
          </reporter-output>
        </test-method> <!-- abc -->
      </class> <!-- com.Project1.Firstone -->
    </test> <!-- Default test -->
  </suite> <!-- Default suite -->
</testng-results>
